\BOOKMARK [0][-]{chapter.1}{\376\377\000C\000o\000g\000s}{}% 1
\BOOKMARK [0][-]{chapter.2}{\376\377\000P\000a\000r\000c\000e\000l}{}% 2
\BOOKMARK [0][-]{chapter.3}{\376\377\000R\000o\000l\000l\000s}{}% 3
\BOOKMARK [0][-]{chapter.4}{\376\377\000F\000r\000i\000c\000t\000i\000o\000n}{}% 4
\BOOKMARK [0][-]{chapter.5}{\376\377\000M\000a\000c\000h\000i\000n\000e\000s}{}% 5
\BOOKMARK [0][-]{chapter.6}{\376\377\000O\000K}{}% 6
\BOOKMARK [0][-]{chapter.7}{\376\377\000M\000a\000s\000t\000e\000r\000s\000\040\000o\000f\000\040\000D\000o\000u\000b\000t}{}% 7
\BOOKMARK [0][-]{chapter.8}{\376\377\000S\000e\000c\000o\000n\000d\000\040\000L\000i\000n\000e}{}% 8
\BOOKMARK [0][-]{chapter.9}{\376\377\000S\000t\000e\000a\000m}{}% 9
\BOOKMARK [0][-]{chapter.10}{\376\377\000I\000m\000a\000g\000i\000n\000a\000r\000y}{}% 10
\BOOKMARK [0][-]{chapter.11}{\376\377\000S\000w\000e\000d\000e\000n}{}% 11
\BOOKMARK [0][-]{chapter.12}{\376\377\000C\000o\000n\000t\000e\000m\000p\000t}{}% 12
\BOOKMARK [0][-]{chapter.13}{\376\377\000R\000e\000s\000o\000n\000a\000n\000c\000e}{}% 13
\BOOKMARK [0][-]{chapter.14}{\376\377\000B\000e\000a\000t}{}% 14
\BOOKMARK [0][-]{chapter.15}{\376\377\000W\000a\000l\000k}{}% 15
\BOOKMARK [0][-]{chapter.16}{\376\377\000A\000c\000t}{}% 16
\BOOKMARK [0][-]{chapter.17}{\376\377\000B\000e\000l\000l}{}% 17
\BOOKMARK [0][-]{chapter.18}{\376\377\000B\000l\000u\000e}{}% 18
\BOOKMARK [0][-]{chapter.19}{\376\377\000R\000e\000d}{}% 19
\BOOKMARK [0][-]{chapter.20}{\376\377\000C\000a\000s\000i\000n\000o}{}% 20
\BOOKMARK [0][-]{chapter.21}{\376\377\000W\000a\000r}{}% 21
